Flow report for FIR_filters
Fri Mar 28 17:04:11 2014
Quartus II 32-bit Version 12.0 Build 178 05/31/2012 SJ Web Edition


---------------------
; Table of Contents ;
---------------------
  1. Legal Notice
  2. Flow Summary
  3. Flow Settings
  4. Flow Non-Default Global Settings
  5. Flow Elapsed Time
  6. Flow OS Summary
  7. Flow Log



----------------
; Legal Notice ;
----------------
Copyright (C) 1991-2012 Altera Corporation
Your use of Altera Corporation's design tools, logic functions 
and other software and tools, and its AMPP partner logic 
functions, and any output files from any of the foregoing 
(including device programming or simulation files), and any 
associated documentation or information are expressly subject 
to the terms and conditions of the Altera Program License 
Subscription Agreement, Altera MegaCore Function License 
Agreement, or other applicable license agreement, including, 
without limitation, that your use is for the sole purpose of 
programming logic devices manufactured by Altera and sold by 
Altera or its authorized distributors.  Please refer to the 
applicable agreement for further details.



+-------------------------------------------------------------------------------+
; Flow Summary                                                                  ;
+------------------------------------+------------------------------------------+
; Flow Status                        ; Successful - Fri Mar 28 17:04:11 2014    ;
; Quartus II 32-bit Version          ; 12.0 Build 178 05/31/2012 SJ Web Edition ;
; Revision Name                      ; FIR_filters                              ;
; Top-level Entity Name              ; FIR_filters                              ;
; Family                             ; Cyclone IV E                             ;
; Device                             ; EP4CE115F23C7                            ;
; Timing Models                      ; Final                                    ;
; Total logic elements               ; 1,432 / 114,480 ( 1 % )                  ;
;     Total combinational functions  ; 1,017 / 114,480 ( < 1 % )                ;
;     Dedicated logic registers      ; 592 / 114,480 ( < 1 % )                  ;
; Total registers                    ; 592                                      ;
; Total pins                         ; 56 / 281 ( 20 % )                        ;
; Total virtual pins                 ; 0                                        ;
; Total memory bits                  ; 0 / 3,981,312 ( 0 % )                    ;
; Embedded Multiplier 9-bit elements ; 36 / 532 ( 7 % )                         ;
; Total PLLs                         ; 0 / 4 ( 0 % )                            ;
+------------------------------------+------------------------------------------+


+-----------------------------------------+
; Flow Settings                           ;
+-------------------+---------------------+
; Option            ; Setting             ;
+-------------------+---------------------+
; Start date & time ; 03/28/2014 17:03:17 ;
; Main task         ; Compilation         ;
; Revision Name     ; FIR_filters         ;
+-------------------+---------------------+


+----------------------------------------------------------------------------------------------------------------------+
; Flow Non-Default Global Settings                                                                                     ;
+-------------------------------------+---------------------------------+---------------+-------------+----------------+
; Assignment Name                     ; Value                           ; Default Value ; Entity Name ; Section Id     ;
+-------------------------------------+---------------------------------+---------------+-------------+----------------+
; COMPILER_SIGNATURE_ID               ; 229658783870351.139602259706476 ; --            ; --          ; --             ;
; EDA_OUTPUT_DATA_FORMAT              ; Vhdl                            ; --            ; --          ; eda_simulation ;
; EDA_SIMULATION_TOOL                 ; ModelSim-Altera (VHDL)          ; <None>        ; --          ; --             ;
; MAX_CORE_JUNCTION_TEMP              ; 85                              ; --            ; --          ; --             ;
; MIN_CORE_JUNCTION_TEMP              ; 0                               ; --            ; --          ; --             ;
; PARTITION_COLOR                     ; 16764057                        ; --            ; --          ; Top            ;
; PARTITION_FITTER_PRESERVATION_LEVEL ; PLACEMENT_AND_ROUTING           ; --            ; --          ; Top            ;
; PARTITION_NETLIST_TYPE              ; SOURCE                          ; --            ; --          ; Top            ;
+-------------------------------------+---------------------------------+---------------+-------------+----------------+


+-------------------------------------------------------------------------------------------------------------------------------+
; Flow Elapsed Time                                                                                                             ;
+---------------------------+--------------+-------------------------+---------------------+------------------------------------+
; Module Name               ; Elapsed Time ; Average Processors Used ; Peak Virtual Memory ; Total CPU Time (on all processors) ;
+---------------------------+--------------+-------------------------+---------------------+------------------------------------+
; Analysis & Synthesis      ; 00:00:07     ; 1.0                     ; 375 MB              ; 00:00:06                           ;
; Fitter                    ; 00:00:30     ; 1.0                     ; 548 MB              ; 00:00:30                           ;
; TimeQuest Timing Analyzer ; 00:00:05     ; 1.0                     ; 378 MB              ; 00:00:05                           ;
; Assembler                 ; 00:00:08     ; 1.0                     ; 314 MB              ; 00:00:08                           ;
; EDA Netlist Writer        ; 00:00:04     ; 1.0                     ; 300 MB              ; 00:00:03                           ;
; Total                     ; 00:00:54     ; --                      ; --                  ; 00:00:52                           ;
+---------------------------+--------------+-------------------------+---------------------+------------------------------------+


+----------------------------------------------------------------------------------------+
; Flow OS Summary                                                                        ;
+---------------------------+------------------+-----------+------------+----------------+
; Module Name               ; Machine Hostname ; OS Name   ; OS Version ; Processor type ;
+---------------------------+------------------+-----------+------------+----------------+
; Analysis & Synthesis      ; PC_Jean_Marc     ; Windows 7 ; 6.1        ; x86_64         ;
; Fitter                    ; PC_Jean_Marc     ; Windows 7 ; 6.1        ; x86_64         ;
; TimeQuest Timing Analyzer ; PC_Jean_Marc     ; Windows 7 ; 6.1        ; x86_64         ;
; Assembler                 ; PC_Jean_Marc     ; Windows 7 ; 6.1        ; x86_64         ;
; EDA Netlist Writer        ; PC_Jean_Marc     ; Windows 7 ; 6.1        ; x86_64         ;
+---------------------------+------------------+-----------+------------+----------------+


------------
; Flow Log ;
------------
quartus_map --read_settings_files=on --write_settings_files=off FIR_filters -c FIR_filters
quartus_fit --read_settings_files=off --write_settings_files=off FIR_filters -c FIR_filters
quartus_sta FIR_filters -c FIR_filters
quartus_asm --read_settings_files=off --write_settings_files=off FIR_filters -c FIR_filters
quartus_eda --read_settings_files=off --write_settings_files=off FIR_filters -c FIR_filters



